{
  "stats": {
    "suites": 1,
    "tests": 2,
    "passes": 2,
    "pending": 0,
    "failures": 0,
    "start": "2025-05-20T17:45:53.649Z",
    "end": "2025-05-20T17:45:53.676Z",
    "duration": 27,
    "testsRegistered": 2,
    "passPercent": 100,
    "pendingPercent": 0,
    "other": 0,
    "hasOther": false,
    "skipped": 0,
    "hasSkipped": false
  },
  "results": [
    {
      "uuid": "0c3c0a42-f498-4383-b7a6-49be2ab1923e",
      "title": "",
      "fullFile": "",
      "file": "",
      "beforeHooks": [
        {
          "title": "\"before all\" hook in \"{root}\"",
          "fullTitle": "\"before all\" hook in \"{root}\"",
          "timedOut": false,
          "duration": 0,
          "state": null,
          "speed": null,
          "pass": false,
          "fail": false,
          "pending": false,
          "context": null,
          "code": "await generateTestData()",
          "err": {},
          "uuid": "e7557377-5dd2-4438-b84f-ea1ab8ad7c75",
          "parentUUID": "0c3c0a42-f498-4383-b7a6-49be2ab1923e",
          "isHook": true,
          "skipped": false
        }
      ],
      "afterHooks": [],
      "tests": [
        {
          "title": "List books",
          "fullTitle": "List books",
          "timedOut": false,
          "duration": 0,
          "state": "passed",
          "speed": "fast",
          "pass": true,
          "fail": false,
          "pending": false,
          "context": null,
          "code": "describe(`List books`, () => {\n    getBooks()\n})",
          "err": {},
          "uuid": "eb339ac4-74aa-4610-86e3-8bbc14d9d4c5",
          "parentUUID": "0c3c0a42-f498-4383-b7a6-49be2ab1923e",
          "isHook": false,
          "skipped": false
        }
      ],
      "suites": [
        {
          "uuid": "0c94b7df-0702-4cbb-8459-b5cf5f57b61a",
          "title": "List books",
          "fullFile": "/api-tests/tests/scenarios/books/list_books.js",
          "file": "/tests/scenarios/books/list_books.js",
          "beforeHooks": [],
          "afterHooks": [],
          "tests": [
            {
              "title": "Retrieve list of all books",
              "fullTitle": "List books Retrieve list of all books",
              "timedOut": false,
              "duration": 21,
              "state": "passed",
              "speed": "fast",
              "pass": true,
              "fail": false,
              "pending": false,
              "context": null,
              "code": "await request(this, 'GET', '/books', undefined, false, \n    {\n        statusCode : 200,\n        expectedFields: [\n            '0.id',\n            '7.id',\n        ],\n        expectedValues: [\n                            {path: '0.id', value: 1},\n                            // {path: '6.id', value: 7},\n                        ]\n    }\n)",
              "err": {},
              "uuid": "bc6331ae-7717-4b30-8b45-cc245a305c63",
              "parentUUID": "0c94b7df-0702-4cbb-8459-b5cf5f57b61a",
              "isHook": false,
              "skipped": false
            }
          ],
          "suites": [],
          "passes": [
            "bc6331ae-7717-4b30-8b45-cc245a305c63"
          ],
          "failures": [],
          "pending": [],
          "skipped": [],
          "duration": 21,
          "root": false,
          "rootEmpty": false,
          "_timeout": 20000
        }
      ],
      "passes": [
        "eb339ac4-74aa-4610-86e3-8bbc14d9d4c5"
      ],
      "failures": [],
      "pending": [],
      "skipped": [],
      "duration": 0,
      "root": true,
      "rootEmpty": false,
      "_timeout": 20000
    }
  ],
  "meta": {
    "mocha": {
      "version": "10.8.2"
    },
    "mochawesome": {
      "options": {
        "quiet": false,
        "reportFilename": "mochawesome",
        "saveHtml": true,
        "saveJson": true,
        "consoleReporter": "spec",
        "useInlineDiffs": false,
        "code": true
      },
      "version": "6.3.1"
    },
    "marge": {
      "options": null,
      "version": "5.2.0"
    }
  }
}